{"/Users/nyame/microverse/Course Work/Module2/week3/To-Do-list/src/modules/addRemoveEdit.js": {"path":"/Users/nyame/microverse/Course Work/Module2/week3/To-Do-list/src/modules/addRemoveEdit.js","statementMap":{"0":{"start":{"line":3,"column":11},"end":{"line":3,"column":48}},"1":{"start":{"line":4,"column":12},"end":{"line":4,"column":59}},"2":{"start":{"line":5,"column":24},"end":{"line":5,"column":35}},"3":{"start":{"line":5,"column":30},"end":{"line":5,"column":35}},"4":{"start":{"line":6,"column":24},"end":{"line":8,"column":1}},"5":{"start":{"line":7,"column":2},"end":{"line":7,"column":19}},"6":{"start":{"line":10,"column":23},"end":{"line":19,"column":1}},"7":{"start":{"line":11,"column":12},"end":{"line":15,"column":3}},"8":{"start":{"line":16,"column":2},"end":{"line":16,"column":16}},"9":{"start":{"line":17,"column":2},"end":{"line":17,"column":55}},"10":{"start":{"line":18,"column":2},"end":{"line":18,"column":11}},"11":{"start":{"line":21,"column":27},"end":{"line":25,"column":4}},"12":{"start":{"line":22,"column":2},"end":{"line":25,"column":4}},"13":{"start":{"line":23,"column":4},"end":{"line":23,"column":27}},"14":{"start":{"line":24,"column":4},"end":{"line":24,"column":16}},"15":{"start":{"line":27,"column":28},"end":{"line":30,"column":1}},"16":{"start":{"line":28,"column":2},"end":{"line":28,"column":26}},"17":{"start":{"line":29,"column":2},"end":{"line":29,"column":14}},"18":{"start":{"line":32,"column":26},"end":{"line":74,"column":1}},"19":{"start":{"line":33,"column":13},"end":{"line":33,"column":41}},"20":{"start":{"line":34,"column":19},"end":{"line":34,"column":50}},"21":{"start":{"line":35,"column":2},"end":{"line":35,"column":34}},"22":{"start":{"line":36,"column":2},"end":{"line":36,"column":44}},"23":{"start":{"line":37,"column":2},"end":{"line":37,"column":31}},"24":{"start":{"line":38,"column":15},"end":{"line":38,"column":45}},"25":{"start":{"line":39,"column":2},"end":{"line":39,"column":32}},"26":{"start":{"line":40,"column":2},"end":{"line":40,"column":57}},"27":{"start":{"line":41,"column":2},"end":{"line":41,"column":30}},"28":{"start":{"line":42,"column":20},"end":{"line":42,"column":51}},"29":{"start":{"line":43,"column":2},"end":{"line":43,"column":42}},"30":{"start":{"line":44,"column":2},"end":{"line":44,"column":39}},"31":{"start":{"line":45,"column":2},"end":{"line":45,"column":40}},"32":{"start":{"line":46,"column":2},"end":{"line":46,"column":39}},"33":{"start":{"line":48,"column":2},"end":{"line":48,"column":21}},"34":{"start":{"line":49,"column":2},"end":{"line":59,"column":5}},"35":{"start":{"line":50,"column":17},"end":{"line":50,"column":59}},"36":{"start":{"line":50,"column":38},"end":{"line":50,"column":58}},"37":{"start":{"line":52,"column":4},"end":{"line":56,"column":5}},"38":{"start":{"line":53,"column":6},"end":{"line":53,"column":31}},"39":{"start":{"line":55,"column":6},"end":{"line":55,"column":32}},"40":{"start":{"line":58,"column":4},"end":{"line":58,"column":57}},"41":{"start":{"line":60,"column":2},"end":{"line":64,"column":5}},"42":{"start":{"line":61,"column":17},"end":{"line":61,"column":59}},"43":{"start":{"line":61,"column":38},"end":{"line":61,"column":58}},"44":{"start":{"line":62,"column":4},"end":{"line":62,"column":42}},"45":{"start":{"line":63,"column":4},"end":{"line":63,"column":57}},"46":{"start":{"line":65,"column":2},"end":{"line":72,"column":5}},"47":{"start":{"line":66,"column":4},"end":{"line":66,"column":23}},"48":{"start":{"line":67,"column":21},"end":{"line":67,"column":71}},"49":{"start":{"line":67,"column":43},"end":{"line":67,"column":63}},"50":{"start":{"line":68,"column":4},"end":{"line":68,"column":60}},"51":{"start":{"line":69,"column":4},"end":{"line":69,"column":23}},"52":{"start":{"line":71,"column":4},"end":{"line":71,"column":19}},"53":{"start":{"line":73,"column":2},"end":{"line":73,"column":43}},"54":{"start":{"line":76,"column":28},"end":{"line":83,"column":1}},"55":{"start":{"line":77,"column":14},"end":{"line":77,"column":33}},"56":{"start":{"line":78,"column":2},"end":{"line":81,"column":3}},"57":{"start":{"line":79,"column":4},"end":{"line":79,"column":26}},"58":{"start":{"line":80,"column":4},"end":{"line":80,"column":32}},"59":{"start":{"line":82,"column":2},"end":{"line":82,"column":33}}},"fnMap":{"0":{"name":"(anonymous_0)","decl":{"start":{"line":5,"column":24},"end":{"line":5,"column":25}},"loc":{"start":{"line":5,"column":30},"end":{"line":5,"column":35}},"line":5},"1":{"name":"(anonymous_1)","decl":{"start":{"line":6,"column":24},"end":{"line":6,"column":25}},"loc":{"start":{"line":6,"column":38},"end":{"line":8,"column":1}},"line":6},"2":{"name":"(anonymous_2)","decl":{"start":{"line":10,"column":23},"end":{"line":10,"column":24}},"loc":{"start":{"line":10,"column":33},"end":{"line":19,"column":1}},"line":10},"3":{"name":"(anonymous_3)","decl":{"start":{"line":21,"column":27},"end":{"line":21,"column":28}},"loc":{"start":{"line":22,"column":2},"end":{"line":25,"column":4}},"line":22},"4":{"name":"(anonymous_4)","decl":{"start":{"line":22,"column":30},"end":{"line":22,"column":31}},"loc":{"start":{"line":22,"column":47},"end":{"line":25,"column":3}},"line":22},"5":{"name":"(anonymous_5)","decl":{"start":{"line":27,"column":28},"end":{"line":27,"column":29}},"loc":{"start":{"line":27,"column":46},"end":{"line":30,"column":1}},"line":27},"6":{"name":"(anonymous_6)","decl":{"start":{"line":32,"column":26},"end":{"line":32,"column":27}},"loc":{"start":{"line":32,"column":65},"end":{"line":74,"column":1}},"line":32},"7":{"name":"(anonymous_7)","decl":{"start":{"line":49,"column":38},"end":{"line":49,"column":39}},"loc":{"start":{"line":49,"column":44},"end":{"line":59,"column":3}},"line":49},"8":{"name":"(anonymous_8)","decl":{"start":{"line":50,"column":28},"end":{"line":50,"column":29}},"loc":{"start":{"line":50,"column":38},"end":{"line":50,"column":58}},"line":50},"9":{"name":"(anonymous_9)","decl":{"start":{"line":60,"column":33},"end":{"line":60,"column":34}},"loc":{"start":{"line":60,"column":40},"end":{"line":64,"column":3}},"line":60},"10":{"name":"(anonymous_10)","decl":{"start":{"line":61,"column":28},"end":{"line":61,"column":29}},"loc":{"start":{"line":61,"column":38},"end":{"line":61,"column":58}},"line":61},"11":{"name":"(anonymous_11)","decl":{"start":{"line":65,"column":38},"end":{"line":65,"column":39}},"loc":{"start":{"line":65,"column":45},"end":{"line":72,"column":3}},"line":65},"12":{"name":"(anonymous_12)","decl":{"start":{"line":67,"column":33},"end":{"line":67,"column":34}},"loc":{"start":{"line":67,"column":43},"end":{"line":67,"column":63}},"line":67},"13":{"name":"(anonymous_13)","decl":{"start":{"line":76,"column":28},"end":{"line":76,"column":29}},"loc":{"start":{"line":76,"column":34},"end":{"line":83,"column":1}},"line":76}},"branchMap":{"0":{"loc":{"start":{"line":4,"column":12},"end":{"line":4,"column":59}},"type":"binary-expr","locations":[{"start":{"line":4,"column":12},"end":{"line":4,"column":53}},{"start":{"line":4,"column":57},"end":{"line":4,"column":59}}],"line":4},"1":{"loc":{"start":{"line":52,"column":4},"end":{"line":56,"column":5}},"type":"if","locations":[{"start":{"line":52,"column":4},"end":{"line":56,"column":5}},{"start":{"line":54,"column":11},"end":{"line":56,"column":5}}],"line":52}},"s":{"0":1,"1":1,"2":1,"3":13,"4":1,"5":2,"6":1,"7":4,"8":4,"9":4,"10":4,"11":1,"12":2,"13":5,"14":5,"15":1,"16":1,"17":1,"18":1,"19":0,"20":0,"21":0,"22":0,"23":0,"24":0,"25":0,"26":0,"27":0,"28":0,"29":0,"30":0,"31":0,"32":0,"33":0,"34":0,"35":0,"36":0,"37":0,"38":0,"39":0,"40":0,"41":0,"42":0,"43":0,"44":0,"45":0,"46":0,"47":0,"48":0,"49":0,"50":0,"51":0,"52":0,"53":0,"54":1,"55":0,"56":0,"57":0,"58":0,"59":0},"f":{"0":13,"1":2,"2":4,"3":2,"4":5,"5":1,"6":0,"7":0,"8":0,"9":0,"10":0,"11":0,"12":0,"13":0},"b":{"0":[1,1],"1":[0,0]},"_coverageSchema":"1a1c01bbd47fc00a2c39e90264f33305004495a9","hash":"42decd9d6de44b7575ac81e99613a966626eb131"}
}
