{"/Users/nyame/microverse/Course Work/Module2/week3/To-Do-list/src/modules/addRemoveEdit.js": {"path":"/Users/nyame/microverse/Course Work/Module2/week3/To-Do-list/src/modules/addRemoveEdit.js","statementMap":{"0":{"start":{"line":4,"column":11},"end":{"line":4,"column":48}},"1":{"start":{"line":5,"column":12},"end":{"line":5,"column":59}},"2":{"start":{"line":6,"column":24},"end":{"line":6,"column":35}},"3":{"start":{"line":6,"column":30},"end":{"line":6,"column":35}},"4":{"start":{"line":7,"column":24},"end":{"line":9,"column":1}},"5":{"start":{"line":8,"column":2},"end":{"line":8,"column":19}},"6":{"start":{"line":11,"column":23},"end":{"line":15,"column":1}},"7":{"start":{"line":12,"column":2},"end":{"line":12,"column":19}},"8":{"start":{"line":13,"column":2},"end":{"line":13,"column":55}},"9":{"start":{"line":14,"column":2},"end":{"line":14,"column":14}},"10":{"start":{"line":17,"column":27},"end":{"line":21,"column":4}},"11":{"start":{"line":18,"column":2},"end":{"line":21,"column":4}},"12":{"start":{"line":19,"column":4},"end":{"line":19,"column":27}},"13":{"start":{"line":20,"column":4},"end":{"line":20,"column":16}},"14":{"start":{"line":23,"column":28},"end":{"line":26,"column":1}},"15":{"start":{"line":24,"column":2},"end":{"line":24,"column":26}},"16":{"start":{"line":25,"column":2},"end":{"line":25,"column":14}},"17":{"start":{"line":28,"column":26},"end":{"line":70,"column":1}},"18":{"start":{"line":29,"column":13},"end":{"line":29,"column":41}},"19":{"start":{"line":30,"column":19},"end":{"line":30,"column":50}},"20":{"start":{"line":31,"column":2},"end":{"line":31,"column":34}},"21":{"start":{"line":32,"column":2},"end":{"line":32,"column":44}},"22":{"start":{"line":33,"column":2},"end":{"line":33,"column":31}},"23":{"start":{"line":34,"column":15},"end":{"line":34,"column":45}},"24":{"start":{"line":35,"column":2},"end":{"line":35,"column":32}},"25":{"start":{"line":36,"column":2},"end":{"line":36,"column":57}},"26":{"start":{"line":37,"column":2},"end":{"line":37,"column":30}},"27":{"start":{"line":38,"column":20},"end":{"line":38,"column":51}},"28":{"start":{"line":39,"column":2},"end":{"line":39,"column":42}},"29":{"start":{"line":40,"column":2},"end":{"line":40,"column":39}},"30":{"start":{"line":41,"column":2},"end":{"line":41,"column":40}},"31":{"start":{"line":42,"column":2},"end":{"line":42,"column":39}},"32":{"start":{"line":44,"column":2},"end":{"line":44,"column":21}},"33":{"start":{"line":45,"column":2},"end":{"line":52,"column":5}},"34":{"start":{"line":46,"column":17},"end":{"line":46,"column":59}},"35":{"start":{"line":46,"column":38},"end":{"line":46,"column":58}},"36":{"start":{"line":48,"column":4},"end":{"line":48,"column":41}},"37":{"start":{"line":51,"column":4},"end":{"line":51,"column":57}},"38":{"start":{"line":53,"column":2},"end":{"line":57,"column":5}},"39":{"start":{"line":54,"column":17},"end":{"line":54,"column":59}},"40":{"start":{"line":54,"column":38},"end":{"line":54,"column":58}},"41":{"start":{"line":55,"column":4},"end":{"line":55,"column":42}},"42":{"start":{"line":56,"column":4},"end":{"line":56,"column":57}},"43":{"start":{"line":58,"column":2},"end":{"line":66,"column":5}},"44":{"start":{"line":59,"column":4},"end":{"line":59,"column":23}},"45":{"start":{"line":60,"column":21},"end":{"line":60,"column":71}},"46":{"start":{"line":60,"column":43},"end":{"line":60,"column":63}},"47":{"start":{"line":62,"column":4},"end":{"line":62,"column":60}},"48":{"start":{"line":63,"column":4},"end":{"line":63,"column":23}},"49":{"start":{"line":65,"column":4},"end":{"line":65,"column":20}},"50":{"start":{"line":67,"column":15},"end":{"line":67,"column":48}},"51":{"start":{"line":68,"column":2},"end":{"line":68,"column":16}},"52":{"start":{"line":69,"column":2},"end":{"line":69,"column":14}},"53":{"start":{"line":72,"column":29},"end":{"line":81,"column":1}},"54":{"start":{"line":73,"column":14},"end":{"line":73,"column":33}},"55":{"start":{"line":74,"column":2},"end":{"line":77,"column":3}},"56":{"start":{"line":75,"column":4},"end":{"line":75,"column":26}},"57":{"start":{"line":76,"column":4},"end":{"line":76,"column":32}},"58":{"start":{"line":78,"column":19},"end":{"line":78,"column":29}},"59":{"start":{"line":79,"column":2},"end":{"line":79,"column":15}},"60":{"start":{"line":80,"column":2},"end":{"line":80,"column":31}}},"fnMap":{"0":{"name":"(anonymous_0)","decl":{"start":{"line":6,"column":24},"end":{"line":6,"column":25}},"loc":{"start":{"line":6,"column":30},"end":{"line":6,"column":35}},"line":6},"1":{"name":"(anonymous_1)","decl":{"start":{"line":7,"column":24},"end":{"line":7,"column":25}},"loc":{"start":{"line":7,"column":38},"end":{"line":9,"column":1}},"line":7},"2":{"name":"(anonymous_2)","decl":{"start":{"line":11,"column":23},"end":{"line":11,"column":24}},"loc":{"start":{"line":11,"column":33},"end":{"line":15,"column":1}},"line":11},"3":{"name":"(anonymous_3)","decl":{"start":{"line":17,"column":27},"end":{"line":17,"column":28}},"loc":{"start":{"line":18,"column":2},"end":{"line":21,"column":4}},"line":18},"4":{"name":"(anonymous_4)","decl":{"start":{"line":18,"column":30},"end":{"line":18,"column":31}},"loc":{"start":{"line":18,"column":47},"end":{"line":21,"column":3}},"line":18},"5":{"name":"(anonymous_5)","decl":{"start":{"line":23,"column":28},"end":{"line":23,"column":29}},"loc":{"start":{"line":23,"column":46},"end":{"line":26,"column":1}},"line":23},"6":{"name":"(anonymous_6)","decl":{"start":{"line":28,"column":26},"end":{"line":28,"column":27}},"loc":{"start":{"line":28,"column":65},"end":{"line":70,"column":1}},"line":28},"7":{"name":"(anonymous_7)","decl":{"start":{"line":45,"column":38},"end":{"line":45,"column":39}},"loc":{"start":{"line":45,"column":44},"end":{"line":52,"column":3}},"line":45},"8":{"name":"(anonymous_8)","decl":{"start":{"line":46,"column":28},"end":{"line":46,"column":29}},"loc":{"start":{"line":46,"column":38},"end":{"line":46,"column":58}},"line":46},"9":{"name":"(anonymous_9)","decl":{"start":{"line":53,"column":33},"end":{"line":53,"column":34}},"loc":{"start":{"line":53,"column":40},"end":{"line":57,"column":3}},"line":53},"10":{"name":"(anonymous_10)","decl":{"start":{"line":54,"column":28},"end":{"line":54,"column":29}},"loc":{"start":{"line":54,"column":38},"end":{"line":54,"column":58}},"line":54},"11":{"name":"(anonymous_11)","decl":{"start":{"line":58,"column":38},"end":{"line":58,"column":39}},"loc":{"start":{"line":58,"column":45},"end":{"line":66,"column":3}},"line":58},"12":{"name":"(anonymous_12)","decl":{"start":{"line":60,"column":33},"end":{"line":60,"column":34}},"loc":{"start":{"line":60,"column":43},"end":{"line":60,"column":63}},"line":60},"13":{"name":"(anonymous_13)","decl":{"start":{"line":72,"column":29},"end":{"line":72,"column":30}},"loc":{"start":{"line":72,"column":35},"end":{"line":81,"column":1}},"line":72}},"branchMap":{"0":{"loc":{"start":{"line":5,"column":12},"end":{"line":5,"column":59}},"type":"binary-expr","locations":[{"start":{"line":5,"column":12},"end":{"line":5,"column":53}},{"start":{"line":5,"column":57},"end":{"line":5,"column":59}}],"line":5}},"s":{"0":1,"1":1,"2":1,"3":11,"4":1,"5":4,"6":1,"7":9,"8":9,"9":9,"10":1,"11":2,"12":5,"13":5,"14":1,"15":1,"16":1,"17":1,"18":9,"19":9,"20":9,"21":9,"22":9,"23":9,"24":9,"25":9,"26":9,"27":9,"28":9,"29":9,"30":9,"31":9,"32":9,"33":9,"34":1,"35":1,"36":1,"37":1,"38":9,"39":1,"40":1,"41":1,"42":1,"43":9,"44":1,"45":1,"46":4,"47":1,"48":1,"49":1,"50":9,"51":9,"52":9,"53":1,"54":2,"55":2,"56":7,"57":7,"58":2,"59":2,"60":2},"f":{"0":11,"1":4,"2":9,"3":2,"4":5,"5":1,"6":9,"7":1,"8":1,"9":1,"10":1,"11":1,"12":4,"13":2},"b":{"0":[1,1]},"_coverageSchema":"1a1c01bbd47fc00a2c39e90264f33305004495a9","hash":"8f07f7f08c2fe08fc56d70845103c9221fc40e63"}
,"/Users/nyame/microverse/Course Work/Module2/week3/To-Do-list/src/modules/interactive.js": {"path":"/Users/nyame/microverse/Course Work/Module2/week3/To-Do-list/src/modules/interactive.js","statementMap":{"0":{"start":{"line":10,"column":22},"end":{"line":16,"column":1}},"1":{"start":{"line":11,"column":16},"end":{"line":11,"column":26}},"2":{"start":{"line":12,"column":19},"end":{"line":12,"column":64}},"3":{"start":{"line":12,"column":41},"end":{"line":12,"column":56}},"4":{"start":{"line":13,"column":2},"end":{"line":13,"column":58}},"5":{"start":{"line":14,"column":2},"end":{"line":14,"column":21}},"6":{"start":{"line":15,"column":2},"end":{"line":15,"column":18}}},"fnMap":{"0":{"name":"(anonymous_0)","decl":{"start":{"line":10,"column":22},"end":{"line":10,"column":23}},"loc":{"start":{"line":10,"column":28},"end":{"line":16,"column":1}},"line":10},"1":{"name":"(anonymous_1)","decl":{"start":{"line":12,"column":31},"end":{"line":12,"column":32}},"loc":{"start":{"line":12,"column":41},"end":{"line":12,"column":56}},"line":12}},"branchMap":{},"s":{"0":1,"1":1,"2":1,"3":3,"4":1,"5":1,"6":1},"f":{"0":1,"1":3},"b":{},"_coverageSchema":"1a1c01bbd47fc00a2c39e90264f33305004495a9","hash":"f2e4d1600d07b5f2f1ed865a36f606b05e3feb32"}
}
