TN:
SF:src/modules/addRemoveEdit.js
FN:6,(anonymous_0)
FN:7,(anonymous_1)
FN:11,(anonymous_2)
FN:17,(anonymous_3)
FN:18,(anonymous_4)
FN:23,(anonymous_5)
FN:28,(anonymous_6)
FN:45,(anonymous_7)
FN:46,(anonymous_8)
FN:53,(anonymous_9)
FN:54,(anonymous_10)
FN:58,(anonymous_11)
FN:60,(anonymous_12)
FN:72,(anonymous_13)
FNF:14
FNH:14
FNDA:11,(anonymous_0)
FNDA:4,(anonymous_1)
FNDA:9,(anonymous_2)
FNDA:2,(anonymous_3)
FNDA:5,(anonymous_4)
FNDA:1,(anonymous_5)
FNDA:9,(anonymous_6)
FNDA:1,(anonymous_7)
FNDA:1,(anonymous_8)
FNDA:1,(anonymous_9)
FNDA:1,(anonymous_10)
FNDA:1,(anonymous_11)
FNDA:4,(anonymous_12)
FNDA:2,(anonymous_13)
DA:4,1
DA:5,1
DA:6,11
DA:7,1
DA:8,4
DA:11,1
DA:12,9
DA:13,9
DA:14,9
DA:17,1
DA:18,2
DA:19,5
DA:20,5
DA:23,1
DA:24,1
DA:25,1
DA:28,1
DA:29,9
DA:30,9
DA:31,9
DA:32,9
DA:33,9
DA:34,9
DA:35,9
DA:36,9
DA:37,9
DA:38,9
DA:39,9
DA:40,9
DA:41,9
DA:42,9
DA:44,9
DA:45,9
DA:46,1
DA:48,1
DA:51,1
DA:53,9
DA:54,1
DA:55,1
DA:56,1
DA:58,9
DA:59,1
DA:60,4
DA:62,1
DA:63,1
DA:65,1
DA:67,9
DA:68,9
DA:69,9
DA:72,1
DA:73,2
DA:74,2
DA:75,7
DA:76,7
DA:78,2
DA:79,2
DA:80,2
LF:57
LH:57
BRDA:5,0,0,1
BRDA:5,0,1,1
BRF:2
BRH:2
end_of_record
TN:
SF:src/modules/interactive.js
FN:10,(anonymous_0)
FN:12,(anonymous_1)
FNF:2
FNH:2
FNDA:1,(anonymous_0)
FNDA:3,(anonymous_1)
DA:10,1
DA:11,1
DA:12,3
DA:13,1
DA:14,1
DA:15,1
LF:6
LH:6
BRF:0
BRH:0
end_of_record
